<?xml version="1.0" encoding="UTF-8"?>
<!-- Generated by org.testng.reporters.JUnitXMLReporter -->
<testsuite ignored="0" hostname="DESKTOP-FOTJODL" failures="0" tests="4" name="Default test" time="9.044" errors="0" timestamp="2025-05-23T15:02:09 IST">
  <testcase classname="listners.TestCaseLogin" name="setUp" time="2.803"/>
  <testcase classname="listners.TestCaseLogin" name="userLogin" time="5.933"/>
  <testcase classname="listners.TestCaseLogin" name="verifyTitle" time="0.1"/>
  <testcase classname="listners.TestCaseLogin" name="verifyProductDisplayed" time="0.086"/>
</testsuite> <!-- Default test -->
