<?xml version="1.0" encoding="UTF-8"?>
<!-- Generated by org.testng.reporters.JUnitXMLReporter -->
<testsuite ignored="0" hostname="DESKTOP-FOTJODL" failures="0" tests="4" name="CaptureIt" time="19.019" errors="0" timestamp="2025-05-23T11:25:42 IST">
  <testcase classname="screenShotsTest.CaptureShreenshots" name="fullCaptureScreen" time="0.253"/>
  <testcase classname="screenShotsTest.CaptureShreenshots" name="specificWeb" time="0.202"/>
  <testcase classname="testNG_Annotations.DataProviderTest" name="loginCases" time="4.794"/>
  <testcase classname="testNG_Annotations.DataProviderTest" name="loginCases" time="10.425"/>
</testsuite> <!-- CaptureIt -->
