<?xml version="1.0" encoding="UTF-8"?>
<testng-results ignored="0" total="1" passed="1" failed="0" skipped="0">
  <reporter-output>
  </reporter-output>
  <suite started-at="2025-05-18T15:54:07 IST" name="Default suite" finished-at="2025-05-18T15:54:11 IST" duration-ms="4440">
    <groups>
    </groups>
    <test started-at="2025-05-18T15:54:07 IST" name="Default test" finished-at="2025-05-18T15:54:11 IST" duration-ms="4440">
      <class name="testCases.LoginTest">
        <test-method is-config="true" signature="setup()[pri:0, instance:testCases.LoginTest@a1153bc]" started-at="2025-05-18T15:54:07 IST" name="setup" finished-at="2025-05-18T15:54:10 IST" duration-ms="2834" status="PASS">
          <reporter-output>
          </reporter-output>
        </test-method> <!-- setup -->
        <test-method signature="verifyLoginWithValidCredentials()[pri:0, instance:testCases.LoginTest@a1153bc]" started-at="2025-05-18T15:54:10 IST" name="verifyLoginWithValidCredentials" finished-at="2025-05-18T15:54:11 IST" duration-ms="1329" status="PASS">
          <reporter-output>
          </reporter-output>
        </test-method> <!-- verifyLoginWithValidCredentials -->
        <test-method is-config="true" signature="tearDown()[pri:0, instance:testCases.LoginTest@a1153bc]" started-at="2025-05-18T15:54:11 IST" name="tearDown" finished-at="2025-05-18T15:54:11 IST" duration-ms="226" status="PASS">
          <reporter-output>
          </reporter-output>
        </test-method> <!-- tearDown -->
      </class> <!-- testCases.LoginTest -->
    </test> <!-- Default test -->
  </suite> <!-- Default suite -->
</testng-results>
