<?xml version="1.0" encoding="UTF-8"?>
<testng-results ignored="0" total="4" passed="4" failed="0" skipped="0">
  <reporter-output>
  </reporter-output>
  <suite started-at="2025-05-23T11:25:23 IST" name="ScreenShots" finished-at="2025-05-23T11:25:42 IST" duration-ms="19019">
    <groups>
    </groups>
    <test started-at="2025-05-23T11:25:23 IST" name="CaptureIt" finished-at="2025-05-23T11:25:42 IST" duration-ms="19019">
      <class name="screenShotsTest.CaptureShreenshots">
        <test-method is-config="true" signature="setUp()[pri:0, instance:screenShotsTest.CaptureShreenshots@5aa9e4eb]" started-at="2025-05-23T11:25:23 IST" name="setUp" finished-at="2025-05-23T11:25:26 IST" duration-ms="2704" status="PASS">
          <reporter-output>
          </reporter-output>
        </test-method> <!-- setUp -->
        <test-method signature="fullCaptureScreen()[pri:0, instance:screenShotsTest.CaptureShreenshots@5aa9e4eb]" started-at="2025-05-23T11:25:26 IST" name="fullCaptureScreen" finished-at="2025-05-23T11:25:26 IST" duration-ms="253" status="PASS">
          <reporter-output>
          </reporter-output>
        </test-method> <!-- fullCaptureScreen -->
        <test-method signature="specificWeb()[pri:1, instance:screenShotsTest.CaptureShreenshots@5aa9e4eb]" started-at="2025-05-23T11:25:26 IST" name="specificWeb" finished-at="2025-05-23T11:25:27 IST" duration-ms="202" status="PASS">
          <reporter-output>
          </reporter-output>
        </test-method> <!-- specificWeb -->
      </class> <!-- screenShotsTest.CaptureShreenshots -->
      <class name="testNG_Annotations.DataProviderTest">
        <test-method signature="loginCases(java.lang.String,java.lang.String)[pri:0, instance:testNG_Annotations.DataProviderTest@7dcf94f8]" started-at="2025-05-23T11:25:27 IST" name="loginCases" data-provider="Datadrive" finished-at="2025-05-23T11:25:31 IST" duration-ms="4794" status="PASS">
          <params>
            <param index="0">
              <value>
                <![CDATA[standard_user]]>
              </value>
            </param>
            <param index="1">
              <value>
                <![CDATA[secret_sauce]]>
              </value>
            </param>
          </params>
          <reporter-output>
          </reporter-output>
        </test-method> <!-- loginCases -->
        <test-method signature="loginCases(java.lang.String,java.lang.String)[pri:0, instance:testNG_Annotations.DataProviderTest@7dcf94f8]" started-at="2025-05-23T11:25:31 IST" name="loginCases" data-provider="Datadrive" finished-at="2025-05-23T11:25:42 IST" duration-ms="10425" status="PASS">
          <params>
            <param index="0">
              <value>
                <![CDATA[performance_glitch_user]]>
              </value>
            </param>
            <param index="1">
              <value>
                <![CDATA[secret_sauce]]>
              </value>
            </param>
          </params>
          <reporter-output>
          </reporter-output>
        </test-method> <!-- loginCases -->
        <test-method is-config="true" signature="tearDown()[pri:0, instance:testNG_Annotations.DataProviderTest@7dcf94f8]" started-at="2025-05-23T11:25:42 IST" name="tearDown" finished-at="2025-05-23T11:25:42 IST" duration-ms="495" status="PASS">
          <reporter-output>
          </reporter-output>
        </test-method> <!-- tearDown -->
      </class> <!-- testNG_Annotations.DataProviderTest -->
    </test> <!-- CaptureIt -->
  </suite> <!-- ScreenShots -->
</testng-results>
